  [4;36;1mSQL (0.4ms)[0m   [0;1mSET client_min_messages TO 'panic'[0m
  [4;35;1mSQL (0.3ms)[0m   [0mSET client_min_messages TO 'notice'[0m
  [4;36;1mSQL (0.4ms)[0m   [0;1mSET client_encoding TO 'unicode'[0m
  [4;35;1mSQL (5.3ms)[0m   [0mCREATE TABLE "schema_migrations" ("version" character varying(255) NOT NULL) [0m
  [4;36;1mSQL (6.6ms)[0m   [0;1mCREATE UNIQUE INDEX "unique_schema_migrations" ON "schema_migrations" ("version")[0m
  [4;35;1mSQL (0.9ms)[0m   [0mSELECT version FROM schema_migrations[0m
Migrating to CreateUsers (20091010151205)
  [4;36;1mSQL (0.3ms)[0m   [0;1mBEGIN[0m
  [4;35;1mSQL (12.8ms)[0m   [0mCREATE TABLE "users" ("id" serial primary key, "login" character varying(255), "email" character varying(255), "name" character varying(255), "created_at" timestamp, "updated_at" timestamp) [0m
  [4;36;1mSQL (1.3ms)[0m   [0;1mINSERT INTO schema_migrations (version) VALUES ('20091010151205')[0m
  [4;35;1mSQL (1.4ms)[0m   [0mCOMMIT[0m
Migrating to CreateBoards (20091010151400)
  [4;36;1mSQL (1.3ms)[0m   [0;1mBEGIN[0m
  [4;35;1mSQL (17.0ms)[0m   [0mCREATE TABLE "boards" ("id" serial primary key, "description" character varying(255), "created_at" timestamp, "updated_at" timestamp) [0m
  [4;36;1mSQL (0.7ms)[0m   [0;1mINSERT INTO schema_migrations (version) VALUES ('20091010151400')[0m
  [4;35;1mSQL (1.3ms)[0m   [0mCOMMIT[0m
Migrating to CreateBoardColumns (20091010151600)
  [4;36;1mSQL (1.0ms)[0m   [0;1mBEGIN[0m
  [4;35;1mSQL (11.4ms)[0m   [0mCREATE TABLE "board_columns" ("id" serial primary key, "label" character varying(255), "rank" integer, "board_id" integer, "created_at" timestamp, "updated_at" timestamp) [0m
  [4;36;1mSQL (0.6ms)[0m   [0;1mINSERT INTO schema_migrations (version) VALUES ('20091010151600')[0m
  [4;35;1mSQL (1.0ms)[0m   [0mCOMMIT[0m
Migrating to CreateProjects (20091010151705)
  [4;36;1mSQL (1.0ms)[0m   [0;1mBEGIN[0m
  [4;35;1mSQL (11.1ms)[0m   [0mCREATE TABLE "projects" ("id" serial primary key, "name" character varying(255), "description" text, "board_id" integer, "created_at" timestamp, "updated_at" timestamp) [0m
  [4;36;1mSQL (0.6ms)[0m   [0;1mINSERT INTO schema_migrations (version) VALUES ('20091010151705')[0m
  [4;35;1mSQL (0.9ms)[0m   [0mCOMMIT[0m
Migrating to CreatePhases (20091010151823)
  [4;36;1mSQL (1.0ms)[0m   [0;1mBEGIN[0m
  [4;35;1mSQL (13.8ms)[0m   [0mCREATE TABLE "phases" ("id" serial primary key, "description" text, "project_id" integer, "start_date" timestamp, "end_date" timestamp, "created_at" timestamp, "updated_at" timestamp) [0m
  [4;36;1mSQL (0.6ms)[0m   [0;1mINSERT INTO schema_migrations (version) VALUES ('20091010151823')[0m
  [4;35;1mSQL (1.7ms)[0m   [0mCOMMIT[0m
Migrating to CreateTasks (20091010152430)
  [4;36;1mSQL (2.9ms)[0m   [0;1mBEGIN[0m
  [4;35;1mSQL (12.6ms)[0m   [0mCREATE TABLE "tasks" ("id" serial primary key, "description" text, "priority" integer, "complexity" integer, "estimate_time" integer, "spent_time" integer, "created_at" timestamp, "updated_at" timestamp) [0m
  [4;36;1mSQL (0.7ms)[0m   [0;1mINSERT INTO schema_migrations (version) VALUES ('20091010152430')[0m
  [4;35;1mSQL (1.3ms)[0m   [0mCOMMIT[0m
Migrating to CreateTasksUsers (20091010153041)
  [4;36;1mSQL (1.2ms)[0m   [0;1mBEGIN[0m
  [4;35;1mSQL (8.8ms)[0m   [0mCREATE TABLE "tasks_users" ("id" serial primary key, "tasks_id" integer NOT NULL, "users_id" integer NOT NULL) [0m
  [4;36;1mSQL (0.6ms)[0m   [0;1mINSERT INTO schema_migrations (version) VALUES ('20091010153041')[0m
  [4;35;1mSQL (1.3ms)[0m   [0mCOMMIT[0m
  [4;36;1mSQL (1.8ms)[0m   [0;1mSELECT version FROM schema_migrations[0m
  [4;36;1mSQL (1.0ms)[0m   [0;1mSET client_min_messages TO 'panic'[0m
  [4;35;1mSQL (0.9ms)[0m   [0mSET client_min_messages TO 'notice'[0m
  [4;36;1mSQL (1.6ms)[0m   [0;1mSET client_encoding TO 'unicode'[0m


Processing Rails::InfoController#properties (for 127.0.0.1 at 2009-10-10 13:18:41) [GET]
  [4;35;1mSQL (5.6ms)[0m   [0mSELECT version FROM schema_migrations[0m
Completed in 162ms (View: 16, DB: 9) | 200 OK [http://localhost/rails/info/properties]
  [4;36;1mSQL (0.3ms)[0m   [0;1mSET client_min_messages TO 'panic'[0m
  [4;35;1mSQL (0.2ms)[0m   [0mSET client_min_messages TO 'notice'[0m
  [4;36;1mSQL (0.4ms)[0m   [0;1mSET client_encoding TO 'unicode'[0m
  [4;35;1mSQL (4.7ms)[0m   [0mCREATE TABLE "schema_migrations" ("version" character varying(255) NOT NULL) [0m
  [4;36;1mSQL (10.8ms)[0m   [0;1mCREATE UNIQUE INDEX "unique_schema_migrations" ON "schema_migrations" ("version")[0m
  [4;35;1mSQL (0.8ms)[0m   [0mSELECT version FROM schema_migrations[0m
Migrating to CreateUsers (20091010151205)
  [4;36;1mSQL (0.3ms)[0m   [0;1mBEGIN[0m
  [4;35;1mSQL (11.9ms)[0m   [0mCREATE TABLE "users" ("id" serial primary key, "login" character varying(255), "email" character varying(255), "name" character varying(255), "crypted_password" character varying(255), "password_salt" character varying(255), "persistence_token" character varying(255), "login_count" character varying(255), "failed_login_count" character varying(255), "last_request_at" character varying(255), "current_login_at" character varying(255), "last_login_at" character varying(255), "current_login_ip" character varying(255), "last_login_ip" character varying(255), "created_at" timestamp, "updated_at" timestamp) [0m
  [4;36;1mSQL (0.8ms)[0m   [0;1mINSERT INTO schema_migrations (version) VALUES ('20091010151205')[0m
  [4;35;1mSQL (1.5ms)[0m   [0mCOMMIT[0m
Migrating to CreateBoards (20091010151400)
  [4;36;1mSQL (1.1ms)[0m   [0;1mBEGIN[0m
  [4;35;1mSQL (7.3ms)[0m   [0mCREATE TABLE "boards" ("id" serial primary key, "description" character varying(255), "created_at" timestamp, "updated_at" timestamp) [0m
  [4;36;1mSQL (0.6ms)[0m   [0;1mINSERT INTO schema_migrations (version) VALUES ('20091010151400')[0m
  [4;35;1mSQL (1.1ms)[0m   [0mCOMMIT[0m
Migrating to CreateBoardColumns (20091010151600)
  [4;36;1mSQL (0.7ms)[0m   [0;1mBEGIN[0m
  [4;35;1mSQL (7.9ms)[0m   [0mCREATE TABLE "board_columns" ("id" serial primary key, "label" character varying(255), "rank" integer, "board_id" integer, "created_at" timestamp, "updated_at" timestamp) [0m
  [4;36;1mSQL (0.5ms)[0m   [0;1mINSERT INTO schema_migrations (version) VALUES ('20091010151600')[0m
  [4;35;1mSQL (1.1ms)[0m   [0mCOMMIT[0m
Migrating to CreateProjects (20091010151705)
  [4;36;1mSQL (0.7ms)[0m   [0;1mBEGIN[0m
  [4;35;1mSQL (13.0ms)[0m   [0mCREATE TABLE "projects" ("id" serial primary key, "name" character varying(255), "description" text, "board_id" integer, "created_at" timestamp, "updated_at" timestamp) [0m
  [4;36;1mSQL (0.5ms)[0m   [0;1mINSERT INTO schema_migrations (version) VALUES ('20091010151705')[0m
  [4;35;1mSQL (1.8ms)[0m   [0mCOMMIT[0m
Migrating to CreatePhases (20091010151823)
  [4;36;1mSQL (0.8ms)[0m   [0;1mBEGIN[0m
  [4;35;1mSQL (11.5ms)[0m   [0mCREATE TABLE "phases" ("id" serial primary key, "description" text, "project_id" integer, "start_date" timestamp, "end_date" timestamp, "created_at" timestamp, "updated_at" timestamp) [0m
  [4;36;1mSQL (0.7ms)[0m   [0;1mINSERT INTO schema_migrations (version) VALUES ('20091010151823')[0m
  [4;35;1mSQL (1.3ms)[0m   [0mCOMMIT[0m
Migrating to CreateTasks (20091010152430)
  [4;36;1mSQL (0.7ms)[0m   [0;1mBEGIN[0m
  [4;35;1mSQL (9.3ms)[0m   [0mCREATE TABLE "tasks" ("id" serial primary key, "description" text, "priority" integer, "complexity" integer, "estimate_time" integer, "spent_time" integer, "created_at" timestamp, "updated_at" timestamp) [0m
  [4;36;1mSQL (0.5ms)[0m   [0;1mINSERT INTO schema_migrations (version) VALUES ('20091010152430')[0m
  [4;35;1mSQL (1.1ms)[0m   [0mCOMMIT[0m
Migrating to CreateTasksUsers (20091010153041)
  [4;36;1mSQL (0.8ms)[0m   [0;1mBEGIN[0m
  [4;35;1mSQL (7.1ms)[0m   [0mCREATE TABLE "tasks_users" ("id" serial primary key, "tasks_id" integer NOT NULL, "users_id" integer NOT NULL) [0m
  [4;36;1mSQL (0.5ms)[0m   [0;1mINSERT INTO schema_migrations (version) VALUES ('20091010153041')[0m
  [4;35;1mSQL (1.0ms)[0m   [0mCOMMIT[0m
  [4;36;1mSQL (1.2ms)[0m   [0;1mSELECT version FROM schema_migrations[0m
  [4;36;1mSQL (0.3ms)[0m   [0;1mSET client_min_messages TO 'panic'[0m
  [4;35;1mSQL (0.2ms)[0m   [0mSET client_min_messages TO 'notice'[0m
  [4;36;1mSQL (0.3ms)[0m   [0;1mSET client_encoding TO 'unicode'[0m


Processing ApplicationController#index (for 127.0.0.1 at 2009-10-10 14:37:19) [GET]

ActionController::RoutingError (No route matches "/proje" with {:method=>:get}):
  

Rendering rescues/layout (not_found)
  [4;35;1mSQL (0.3ms)[0m   [0mSET client_min_messages TO 'panic'[0m
  [4;36;1mSQL (0.2ms)[0m   [0;1mSET client_min_messages TO 'notice'[0m
  [4;35;1mSQL (0.3ms)[0m   [0mSET client_encoding TO 'unicode'[0m


Processing ProjectsController#index (for 127.0.0.1 at 2009-10-10 14:37:26) [GET]
  [4;36;1mProject Load (2.0ms)[0m   [0;1mSELECT * FROM "projects" [0m
Rendering template within layouts/application
Rendering projects/index
Rendered layouts/_analytics (0.5ms)
Completed in 19ms (View: 10, DB: 3) | 200 OK [http://localhost/projects]
  [4;35;1mSQL (0.3ms)[0m   [0mSET client_min_messages TO 'panic'[0m
  [4;36;1mSQL (0.2ms)[0m   [0;1mSET client_min_messages TO 'notice'[0m
  [4;35;1mSQL (0.3ms)[0m   [0mSET client_encoding TO 'unicode'[0m


Processing ProjectsController#new (for 127.0.0.1 at 2009-10-10 14:37:28) [GET]
Rendering template within layouts/application
Rendering projects/new
Rendered layouts/_analytics (0.1ms)
Completed in 115ms (View: 65, DB: 1) | 200 OK [http://localhost/projects/new]
  [4;36;1mSQL (0.3ms)[0m   [0;1mSET client_min_messages TO 'panic'[0m
  [4;35;1mSQL (0.2ms)[0m   [0mSET client_min_messages TO 'notice'[0m
  [4;36;1mSQL (0.3ms)[0m   [0;1mSET client_encoding TO 'unicode'[0m


Processing ProjectsController#new (for 127.0.0.1 at 2009-10-10 14:39:32) [GET]
Rendering template within layouts/application
Rendering projects/new
Rendered layouts/_analytics (0.1ms)
Completed in 16ms (View: 6, DB: 1) | 200 OK [http://localhost/projects/new]
  [4;35;1mSQL (0.3ms)[0m   [0mSET client_min_messages TO 'panic'[0m
  [4;36;1mSQL (0.2ms)[0m   [0;1mSET client_min_messages TO 'notice'[0m
  [4;35;1mSQL (0.3ms)[0m   [0mSET client_encoding TO 'unicode'[0m


Processing ProjectsController#create (for 127.0.0.1 at 2009-10-10 14:39:38) [POST]
  Parameters: {"commit"=>"Create", "authenticity_token"=>"LnxDYvX2hYj0yh+9kbxuzA0OIPUri6YBPX/g2tZUXRI=", "project"=>{"name"=>"teste", "description"=>"teetet teet heth ethet teteh"}}
  [4;36;1mSQL (0.3ms)[0m   [0;1mBEGIN[0m
  [4;35;1mSQL (22.3ms)[0m   [0mINSERT INTO "projects" ("name", "board_id", "created_at", "updated_at", "description") VALUES(E'teste', NULL, '2009-10-10 17:39:38.296729', '2009-10-10 17:39:38.296729', E'teetet teet heth ethet teteh') RETURNING "id"[0m
  [4;36;1mSQL (8.3ms)[0m   [0;1mCOMMIT[0m
Redirected to http://localhost:3000/projects/1
Completed in 90ms (DB: 32) | 302 Found [http://localhost/projects]
  [4;35;1mSQL (0.3ms)[0m   [0mSET client_min_messages TO 'panic'[0m
  [4;36;1mSQL (0.2ms)[0m   [0;1mSET client_min_messages TO 'notice'[0m
  [4;35;1mSQL (0.3ms)[0m   [0mSET client_encoding TO 'unicode'[0m


Processing ProjectsController#show (for 127.0.0.1 at 2009-10-10 14:39:38) [GET]
  Parameters: {"id"=>"1"}
  [4;36;1mProject Load (1.6ms)[0m   [0;1mSELECT * FROM "projects" WHERE ("projects"."id" = 1) [0m
Rendering template within layouts/application
Rendering projects/show
Rendered layouts/_analytics (0.1ms)
Completed in 16ms (View: 4, DB: 2) | 200 OK [http://localhost/projects/1]
  [4;35;1mSQL (0.3ms)[0m   [0mSET client_min_messages TO 'panic'[0m
  [4;36;1mSQL (0.3ms)[0m   [0;1mSET client_min_messages TO 'notice'[0m
  [4;35;1mSQL (0.3ms)[0m   [0mSET client_encoding TO 'unicode'[0m


Processing ProjectsController#index (for 127.0.0.1 at 2009-10-10 14:39:41) [GET]
  [4;36;1mProject Load (2.2ms)[0m   [0;1mSELECT * FROM "projects" [0m
Rendering template within layouts/application
Rendering projects/index
Rendered layouts/_analytics (0.1ms)
Completed in 16ms (View: 10, DB: 3) | 200 OK [http://localhost/projects]
  [4;35;1mSQL (0.4ms)[0m   [0mSET client_min_messages TO 'panic'[0m
  [4;36;1mSQL (0.2ms)[0m   [0;1mSET client_min_messages TO 'notice'[0m
  [4;35;1mSQL (0.3ms)[0m   [0mSET client_encoding TO 'unicode'[0m


Processing ProjectsController#index (for 127.0.0.1 at 2009-10-10 14:40:22) [GET]
  [4;36;1mProject Load (2.2ms)[0m   [0;1mSELECT * FROM "projects" [0m
Rendering template within layouts/application
Rendering projects/index
Rendered layouts/_analytics (0.1ms)
Completed in 18ms (View: 11, DB: 3) | 200 OK [http://localhost/projects]
  [4;35;1mSQL (0.3ms)[0m   [0mSET client_min_messages TO 'panic'[0m
  [4;36;1mSQL (0.2ms)[0m   [0;1mSET client_min_messages TO 'notice'[0m
  [4;35;1mSQL (0.3ms)[0m   [0mSET client_encoding TO 'unicode'[0m


Processing ProjectsController#new (for 127.0.0.1 at 2009-10-10 14:40:25) [GET]
Rendering template within layouts/application
Rendering projects/new
Rendered layouts/_analytics (0.1ms)
Completed in 75ms (View: 3, DB: 1) | 200 OK [http://localhost/projects/new]
  [4;36;1mSQL (0.2ms)[0m   [0;1mSET client_min_messages TO 'panic'[0m
  [4;35;1mSQL (0.3ms)[0m   [0mSET client_min_messages TO 'notice'[0m
  [4;36;1mSQL (0.3ms)[0m   [0;1mSET client_encoding TO 'unicode'[0m


Processing ProjectsController#create (for 127.0.0.1 at 2009-10-10 14:40:30) [POST]
  Parameters: {"commit"=>"Create", "authenticity_token"=>"LnxDYvX2hYj0yh+9kbxuzA0OIPUri6YBPX/g2tZUXRI=", "project"=>{"name"=>"outro teste", "description"=>"hahaha ahahah"}}
  [4;35;1mSQL (0.3ms)[0m   [0mBEGIN[0m
  [4;36;1mSQL (1.0ms)[0m   [0;1mINSERT INTO "projects" ("name", "board_id", "created_at", "updated_at", "description") VALUES(E'outro teste', NULL, '2009-10-10 17:40:30.589222', '2009-10-10 17:40:30.589222', E'hahaha ahahah') RETURNING "id"[0m
  [4;35;1mSQL (1.4ms)[0m   [0mCOMMIT[0m
Redirected to http://localhost:3000/projects/2
Completed in 23ms (DB: 4) | 302 Found [http://localhost/projects]
  [4;36;1mSQL (0.3ms)[0m   [0;1mSET client_min_messages TO 'panic'[0m
  [4;35;1mSQL (0.2ms)[0m   [0mSET client_min_messages TO 'notice'[0m
  [4;36;1mSQL (0.3ms)[0m   [0;1mSET client_encoding TO 'unicode'[0m


Processing ProjectsController#show (for 127.0.0.1 at 2009-10-10 14:40:30) [GET]
  Parameters: {"id"=>"2"}
  [4;35;1mProject Load (1.3ms)[0m   [0mSELECT * FROM "projects" WHERE ("projects"."id" = 2) [0m
Rendering template within layouts/application
Rendering projects/show
Rendered layouts/_analytics (0.1ms)
Completed in 13ms (View: 1, DB: 2) | 200 OK [http://localhost/projects/2]
  [4;36;1mSQL (0.3ms)[0m   [0;1mSET client_min_messages TO 'panic'[0m
  [4;35;1mSQL (0.3ms)[0m   [0mSET client_min_messages TO 'notice'[0m
  [4;36;1mSQL (0.3ms)[0m   [0;1mSET client_encoding TO 'unicode'[0m


Processing ProjectsController#index (for 127.0.0.1 at 2009-10-10 14:40:33) [GET]
  [4;35;1mProject Load (2.3ms)[0m   [0mSELECT * FROM "projects" [0m
Rendering template within layouts/application
Rendering projects/index
Rendered layouts/_analytics (0.1ms)
Completed in 15ms (View: 9, DB: 3) | 200 OK [http://localhost/projects]
